<?xml version="1.0" encoding="UTF-8"?>
<!-- Generated by org.testng.reporters.JUnitReportReporter -->
<testsuite skipped="0" hostname="Matti-PC" name="qa.test.TC_02_LoginToAppTest" tests="1" failures="0" timestamp="18 Oct 2018 04:50:48 GMT" time="9.001" errors="0">
  <testcase name="validateLogin" time="9.001" classname="qa.test.TC_02_LoginToAppTest"/>
</testsuite> <!-- qa.test.TC_02_LoginToAppTest -->
