<?xml version="1.0" encoding="UTF-8"?>
<!-- Generated by org.testng.reporters.JUnitReportReporter -->
<testsuite skipped="0" hostname="Matti-PC" name="qa.test.TC_01_DataBaseTest" tests="1" failures="0" timestamp="18 Oct 2018 02:42:23 GMT" time="0.814" errors="0">
  <testcase name="validateUpdateDB" time="0.814" classname="qa.test.TC_01_DataBaseTest"/>
</testsuite> <!-- qa.test.TC_01_DataBaseTest -->
