<?xml version="1.0" encoding="UTF-8"?>
<!-- Generated by org.testng.reporters.JUnitReportReporter -->
<testsuite skipped="0" hostname="Matti-PC" name="qa.util.GetTestData" tests="1" failures="0" timestamp="17 Oct 2018 23:22:28 GMT" time="0.813" errors="0">
  <testcase name="getData" time="0.813" classname="qa.util.GetTestData"/>
</testsuite> <!-- qa.util.GetTestData -->
