<?xml version="1.0" encoding="UTF-8"?>
<!-- Generated by org.testng.reporters.JUnitReportReporter -->
<testsuite skipped="0" hostname="Matti-PC" name="qa.test.GetTestData" tests="1" failures="0" timestamp="18 Oct 2018 00:39:35 GMT" time="0.736" errors="0">
  <testcase name="getData" time="0.736" classname="qa.test.GetTestData"/>
</testsuite> <!-- qa.test.GetTestData -->
